  postfix.cpp
C:\Users\Андрей\mp2-lab3-postfix\Сысоев\base\postfix.h(36,27): warning C4018: <: несоответствие типов со знаком и без знака
C:\Users\Андрей\mp2-lab3-postfix\Сысоев\base\postfix.h(45,27): warning C4018: <: несоответствие типов со знаком и без знака
C:\Users\Андрей\mp2-lab3-postfix\Сысоев\base\postfix.cpp(37,11): warning C4018: <: несоответствие типов со знаком и без знака
C:\Users\Андрей\mp2-lab3-postfix\Сысоев\base\postfix.cpp(119,16): warning C4018: <: несоответствие типов со знаком и без знака
C:\Users\Андрей\mp2-lab3-postfix\Сысоев\base\postfix.cpp(148,94): warning C4018: <: несоответствие типов со знаком и без знака
C:\Users\Андрей\mp2-lab3-postfix\Сысоев\base\postfix.cpp(156,10): warning C4018: <: несоответствие типов со знаком и без знака
C:\Users\Андрей\mp2-lab3-postfix\Сысоев\base\postfix.cpp(165,20): warning C4018: <: несоответствие типов со знаком и без знака
C:\Users\Андрей\mp2-lab3-postfix\Сысоев\base\postfix.cpp(172,20): warning C4018: <: несоответствие типов со знаком и без знака
C:\Users\Андрей\mp2-lab3-postfix\Сысоев\base\postfix.cpp(182,20): warning C4018: <: несоответствие типов со знаком и без знака
C:\Users\Андрей\mp2-lab3-postfix\Сысоев\base\postfix.cpp(206,20): warning C4018: <: несоответствие типов со знаком и без знака
C:\Users\Андрей\mp2-lab3-postfix\Сысоев\base\postfix.cpp(209,21): warning C4018: <: несоответствие типов со знаком и без знака
C:\Users\Андрей\mp2-lab3-postfix\Сысоев\base\postfix.cpp(212,25): warning C4018: <: несоответствие типов со знаком и без знака
C:\Users\Андрей\mp2-lab3-postfix\Сысоев\base\postfix.cpp(220,27): warning C4018: <: несоответствие типов со знаком и без знака
C:\Users\Андрей\mp2-lab3-postfix\Сысоев\base\postfix.cpp(224,20): warning C4018: <: несоответствие типов со знаком и без знака
C:\Users\Андрей\mp2-lab3-postfix\Сысоев\base\postfix.cpp(241,20): warning C4018: <: несоответствие типов со знаком и без знака
  Создание кода
  1 of 355 functions ( 0.3%) were compiled, the rest were copied from previous compilation.
    0 functions were new in current compilation
    1 functions had inline decision re-evaluated but remain unchanged
  Создание кода завершено
  base.vcxproj -> C:\Users\Андрей\mp2-lab3-postfix\Сысоев\Release\base.exe
